mode: set
rest/mvc/controllers/auth-controller.go:12.44,15.20 3 0
rest/mvc/controllers/auth-controller.go:15.20,17.3 1 0
rest/mvc/controllers/auth-controller.go:19.2,20.16 2 0
rest/mvc/controllers/auth-controller.go:20.16,22.3 1 0
rest/mvc/controllers/auth-controller.go:23.2,28.102 2 0
rest/mvc/controllers/product-controller.go:15.49,21.16 5 0
rest/mvc/controllers/product-controller.go:21.16,25.3 1 0
rest/mvc/controllers/product-controller.go:27.2,30.4 1 0
rest/mvc/controllers/product-controller.go:33.49,36.18 2 0
rest/mvc/controllers/product-controller.go:36.18,38.3 1 0
rest/mvc/controllers/product-controller.go:40.2,42.20 3 0
rest/mvc/controllers/product-controller.go:42.20,44.3 1 0
rest/mvc/controllers/product-controller.go:47.2,53.16 3 0
rest/mvc/controllers/product-controller.go:53.16,55.3 1 0
rest/mvc/controllers/product-controller.go:58.2,58.78 1 0
rest/mvc/controllers/user-controller.go:15.46,27.16 2 1
rest/mvc/controllers/user-controller.go:27.16,29.3 1 0
rest/mvc/controllers/user-controller.go:31.2,32.37 2 1
rest/mvc/controllers/user-controller.go:32.37,39.3 1 1
rest/mvc/controllers/user-controller.go:41.2,41.107 1 1
rest/mvc/controllers/user-controller.go:44.46,49.20 3 0
rest/mvc/controllers/user-controller.go:49.20,51.3 1 0
rest/mvc/controllers/user-controller.go:55.2,56.16 2 0
rest/mvc/controllers/user-controller.go:56.16,59.3 1 0
rest/mvc/controllers/user-controller.go:62.2,62.78 1 0
rest/mvc/controllers/user-controller.go:65.52,68.20 3 0
rest/mvc/controllers/user-controller.go:68.20,70.3 1 0
rest/mvc/controllers/user-controller.go:72.2,75.81 3 0
